<?xml version="1.0" encoding="UTF-8"?>
<testng-results ignored="0" total="1" passed="1" failed="0" skipped="0">
  <reporter-output>
  </reporter-output>
  <suite started-at="2020-02-05T14:49:22 IST" name="Default suite" finished-at="2020-02-05T14:49:53 IST" duration-ms="30461">
    <groups>
    </groups>
    <test started-at="2020-02-05T14:49:22 IST" name="Default test" finished-at="2020-02-05T14:49:53 IST" duration-ms="30461">
      <class name="com.ihubdirect.change_password">
        <test-method is-config="true" signature="suite()[pri:0, instance:com.ihubdirect.change_password@2af004b]" started-at="2020-02-05T14:49:22 IST" name="suite" finished-at="2020-02-05T14:49:22 IST" duration-ms="538" status="PASS">
          <reporter-output>
          </reporter-output>
        </test-method> <!-- suite -->
        <test-method is-config="true" signature="setup()[pri:0, instance:com.ihubdirect.change_password@2af004b]" started-at="2020-02-05T14:49:22 IST" name="setup" finished-at="2020-02-05T14:49:33 IST" duration-ms="11000" status="PASS">
          <reporter-output>
          </reporter-output>
        </test-method> <!-- setup -->
        <test-method signature="tc_1()[pri:0, instance:com.ihubdirect.change_password@2af004b]" started-at="2020-02-05T14:49:33 IST" name="tc_1" finished-at="2020-02-05T14:49:51 IST" duration-ms="17803" status="PASS">
          <reporter-output>
          </reporter-output>
        </test-method> <!-- tc_1 -->
        <test-method is-config="true" signature="endtest(org.testng.ITestResult)[pri:0, instance:com.ihubdirect.change_password@2af004b]" started-at="2020-02-05T14:49:51 IST" name="endtest" finished-at="2020-02-05T14:49:53 IST" duration-ms="1568" status="PASS">
          <params>
            <param index="0">
              <value>
                <![CDATA[[TestResult name=tc_1 status=SUCCESS method=change_password.tc_1()[pri:0, instance:com.ihubdirect.change_password@2af004b] output={null}]]]>
              </value>
            </param>
          </params>
          <reporter-output>
          </reporter-output>
        </test-method> <!-- endtest -->
        <test-method is-config="true" signature="afterSuite()[pri:0, instance:com.ihubdirect.change_password@2af004b]" started-at="2020-02-05T14:49:53 IST" name="afterSuite" finished-at="2020-02-05T14:49:53 IST" duration-ms="63" status="PASS">
          <reporter-output>
          </reporter-output>
        </test-method> <!-- afterSuite -->
      </class> <!-- com.ihubdirect.change_password -->
    </test> <!-- Default test -->
  </suite> <!-- Default suite -->
</testng-results>
