<?xml version="1.0" encoding="UTF-8"?>
<testng-results ignored="0" total="1" passed="1" failed="0" skipped="0">
  <reporter-output>
  </reporter-output>
  <suite started-at="2020-02-18T11:08:52 IST" name="Default suite" finished-at="2020-02-18T11:08:54 IST" duration-ms="1444">
    <groups>
    </groups>
    <test started-at="2020-02-18T11:08:52 IST" name="Default test" finished-at="2020-02-18T11:08:54 IST" duration-ms="1444">
      <class name="com.ihubmeaven.pageObjects.NewTest">
        <test-method signature="f()[pri:0, instance:com.ihubmeaven.pageObjects.NewTest@2892d68]" started-at="2020-02-18T11:08:52 IST" name="f" finished-at="2020-02-18T11:08:54 IST" duration-ms="1404" status="PASS">
          <reporter-output>
          </reporter-output>
        </test-method> <!-- f -->
      </class> <!-- com.ihubmeaven.pageObjects.NewTest -->
    </test> <!-- Default test -->
  </suite> <!-- Default suite -->
</testng-results>
